% mean class accuracy (train set)	
 4.3398e+00	
 6.1865e+00	
 1.1450e+01	
 1.4220e+01	
 1.7359e+01	
 1.9021e+01	
 2.0868e+01	
 2.3176e+01	
 2.5023e+01	
 2.6777e+01	
 2.7886e+01	
 2.9363e+01	
 2.9178e+01	
 3.0748e+01	
 3.1210e+01	
 3.1948e+01	
 3.3518e+01	
 3.4626e+01	
 3.5365e+01	
 3.5549e+01	
 3.7027e+01	
 3.7950e+01	
 3.7858e+01	
 3.8596e+01	
 3.9520e+01	
 3.9797e+01	
 4.1367e+01	
 4.1736e+01	
 4.2844e+01	
 4.2936e+01	
 4.3952e+01	
 4.4414e+01	
 4.5337e+01	
 4.5891e+01	
 4.5614e+01	
 4.5614e+01	
 4.6999e+01	
 4.7276e+01	
 4.7368e+01	
 4.7184e+01	
 4.8015e+01	
 4.8846e+01	
 4.8384e+01	
 4.9492e+01	
 4.9584e+01	
 4.9492e+01	
 4.9769e+01	
 5.0693e+01	
 5.0970e+01	
 5.2262e+01	
 5.1524e+01	
 5.1985e+01	
 5.2170e+01	
 5.2355e+01	
 5.2816e+01	
 5.3555e+01	
 5.4017e+01	
 5.4017e+01	
 5.4109e+01	
 5.4294e+01	
 5.4755e+01	
 5.5217e+01	
 5.5309e+01	
 5.5309e+01	
 5.5863e+01	
 5.5863e+01	
 5.5586e+01	
 5.6510e+01	
 5.7156e+01	
 5.6879e+01	
 5.7341e+01	
 5.7433e+01	
 5.7710e+01	
 5.8079e+01	
 5.8264e+01	
 5.8910e+01	
 5.9187e+01	
 5.8910e+01	
 5.9464e+01	
 5.9834e+01	
 5.9649e+01	
 5.9834e+01	
 6.0942e+01	
 6.0388e+01	
 6.0757e+01	
 6.0388e+01	
 6.0757e+01	
 6.1034e+01	
 6.1219e+01	
 6.1311e+01	
 6.1496e+01	
 6.1773e+01	
 6.2327e+01	
 6.2419e+01	
 6.2604e+01	
 6.2419e+01	
 6.2604e+01	
 6.2696e+01	
 6.3343e+01	
 6.3343e+01	
 6.2973e+01	
 6.3435e+01	
 6.3989e+01	
 6.3804e+01	
 6.4451e+01	
 6.4266e+01	
 6.4728e+01	
 6.4912e+01	
 6.5282e+01	
 6.5005e+01	
 6.5374e+01	
 6.5282e+01	
 6.5836e+01	
 6.6205e+01	
 6.5928e+01	
 6.6297e+01	
 6.7128e+01	
 6.6851e+01	
 6.6297e+01	
 6.6944e+01	
 6.7405e+01	
 6.7128e+01	
 6.7590e+01	
 6.7498e+01	
 6.7867e+01	
 6.8144e+01	
 6.8421e+01	
 6.8513e+01	
 6.8421e+01	
 6.9529e+01	
 6.8975e+01	
 6.8883e+01	
 6.9344e+01	
 6.9160e+01	
 6.9252e+01	
 6.9991e+01	
 6.9714e+01	
 7.0360e+01	
 7.0083e+01	
 6.9991e+01	
 7.0360e+01	
 7.0637e+01	
 7.1006e+01	
 7.0729e+01	
 7.0822e+01	
 7.0545e+01	
 7.1560e+01	
 7.1283e+01	
 7.1745e+01	
 7.2022e+01	
 7.2207e+01	
 7.3223e+01	
 7.2299e+01	
 7.3038e+01	
 7.3592e+01	
 7.4054e+01	
 7.3961e+01	
 7.3961e+01	
 7.4515e+01	
 7.5069e+01	
 7.4423e+01	
 7.5346e+01	
 7.4977e+01	
 7.5346e+01	
 7.5623e+01	
 7.5716e+01	
 7.6362e+01	
 7.6362e+01	
 7.6916e+01	
 7.6454e+01	
 7.7562e+01	
 7.7932e+01	
 7.7747e+01	
 7.7747e+01	
 7.8209e+01	
 7.8855e+01	
 7.9224e+01	
 7.9040e+01	
 7.9501e+01	
 7.9963e+01	
 8.0055e+01	
 8.0886e+01	
 8.0794e+01	
 8.1071e+01	
 8.2087e+01	
 8.0886e+01	
 8.1717e+01	
 8.1902e+01	
 8.2179e+01	
 8.1994e+01	
 8.2548e+01	
 8.2548e+01	
 8.3102e+01	
 8.3287e+01	
 8.3564e+01	
 8.4211e+01	
 8.4211e+01	
 8.3841e+01	
 8.4395e+01	
 8.4395e+01	
 8.4580e+01	
 8.4857e+01	
 8.5965e+01	
 8.5965e+01	
 8.5688e+01	
 8.6057e+01	
 8.5688e+01	
 8.5965e+01	
 8.5965e+01	
 8.6519e+01	
 8.6888e+01	
 8.6334e+01	
 8.7165e+01	
 8.7073e+01	
 8.7350e+01	
 8.6796e+01	
 8.7719e+01	
 8.6981e+01	
 8.7535e+01	
 8.7812e+01	
 8.7812e+01	
 8.7812e+01	
 8.8366e+01	
 8.8089e+01	
 8.8458e+01	
 8.8735e+01	
 8.8827e+01	
 8.9012e+01	
 8.9289e+01	
 8.9474e+01	
 8.9566e+01	
 8.9381e+01	
 8.9843e+01	
 9.0120e+01	
 9.0028e+01	
 9.0582e+01	
 9.0489e+01	
 9.0397e+01	
 9.0305e+01	
 9.0951e+01	
 9.1043e+01	
 9.1320e+01	
 9.1228e+01	
 9.1413e+01	
 9.1228e+01	
 9.1782e+01	
 9.1874e+01	
 9.1782e+01	
 9.1874e+01	
 9.2151e+01	
 9.2059e+01	
 9.2336e+01	
 9.2336e+01	
 9.2059e+01	
 9.2705e+01	
 9.2890e+01	
 9.2890e+01	
 9.2336e+01	
 9.3259e+01	
 9.2982e+01	
 9.3167e+01	
 9.3075e+01	
 9.3259e+01	
 9.3167e+01	
 9.3259e+01	
 9.3629e+01	
 9.3629e+01	
 9.3629e+01	
 9.3721e+01	
 9.3444e+01	
 9.3721e+01	
 9.3906e+01	
 9.3906e+01	
 9.3906e+01	
 9.4090e+01	
 9.3998e+01	
 9.3906e+01	
 9.4183e+01	
 9.4183e+01	
 9.4275e+01	
 9.4367e+01	
 9.4275e+01	
 9.4183e+01	
 9.4090e+01	
 9.4460e+01	
 9.4460e+01	
 9.4460e+01	
 9.4829e+01	
 9.4737e+01	
 9.5106e+01	
 9.5014e+01	
 9.4737e+01	
 9.5014e+01	
 9.5106e+01	
 9.5383e+01	
 9.5383e+01	
 9.5199e+01	
 9.5291e+01	
 9.5199e+01	
 9.5383e+01	
 9.5199e+01	
 9.5568e+01	
 9.5753e+01	
 9.5753e+01	
 9.5753e+01	
 9.5753e+01	
 9.5753e+01	
 9.6122e+01	
 9.6030e+01	
 9.5845e+01	
 9.6214e+01	
 9.5845e+01	
 9.6030e+01	
 9.6030e+01	
 9.6122e+01	
 9.6214e+01	
 9.6307e+01	
 9.6307e+01	
 9.6307e+01	
 9.6491e+01	
 9.6676e+01	
 9.6768e+01	
 9.6676e+01	
 9.6676e+01	
 9.6584e+01	
 9.6953e+01	
 9.6676e+01	
 9.6768e+01	
 9.6953e+01	
 9.7138e+01	
 9.6861e+01	
 9.7138e+01	
 9.7507e+01	
 9.7230e+01	
 9.7322e+01	
 9.7322e+01	
 9.7230e+01	
 9.7415e+01	
 9.7415e+01	
 9.7692e+01	
 9.7507e+01	
 9.7599e+01	
 9.7692e+01	
 9.7599e+01	
 9.7784e+01	
 9.7507e+01	
 9.7599e+01	
 9.7507e+01	
 9.7784e+01	
 9.7692e+01	
 9.7876e+01	
 9.7692e+01	
 9.7784e+01	
 9.7876e+01	
 9.7876e+01	
 9.7876e+01	
 9.7876e+01	
 9.7876e+01	
 9.7969e+01	
 9.7969e+01	
 9.7876e+01	
 9.7969e+01	
 9.7969e+01	
 9.8061e+01	
 9.8061e+01	
 9.8246e+01	
 9.8153e+01	
 9.8061e+01	
 9.8246e+01	
 9.8338e+01	
 9.8246e+01	
 9.8338e+01	
 9.8430e+01	
 9.8338e+01	
 9.8430e+01	
 9.8338e+01	
 9.8523e+01	
 9.8430e+01	
 9.8430e+01	
 9.8430e+01	
 9.8523e+01	
 9.8430e+01	
 9.8430e+01	
 9.8430e+01	
 9.8615e+01	
 9.8523e+01	
 9.8430e+01	
 9.8615e+01	
 9.8615e+01	
 9.8615e+01	
 9.8523e+01	
 9.8615e+01	
 9.8615e+01	
 9.8707e+01	
 9.8615e+01	
 9.8615e+01	
 9.8615e+01	
 9.8800e+01	
 9.8800e+01	
 9.8615e+01	
 9.8892e+01	
 9.8707e+01	
 9.8800e+01	
 9.8800e+01	
 9.8984e+01	
 9.8984e+01	
 9.8800e+01	
 9.8984e+01	
 9.9077e+01	
 9.8984e+01	
 9.8984e+01	
 9.9077e+01	
 9.9169e+01	
 9.8984e+01	
 9.9077e+01	
 9.9077e+01	
 9.9354e+01	
 9.9169e+01	
 9.9261e+01	
 9.9169e+01	
 9.9261e+01	
 9.9354e+01	
 9.9169e+01	
 9.9261e+01	
 9.9261e+01	
 9.9354e+01	
 9.9354e+01	
 9.9446e+01	
 9.9538e+01	
 9.9446e+01	
 9.9538e+01	
 9.9631e+01	
 9.9538e+01	
 9.9631e+01	
 9.9631e+01	
 9.9631e+01	
 9.9631e+01	
 9.9631e+01	
 9.9723e+01	
 9.9723e+01	
 9.9538e+01	
 9.9723e+01	
 9.9723e+01	
 9.9723e+01	
 9.9631e+01	
 9.9723e+01	
 9.9723e+01	
 9.9631e+01	
 9.9723e+01	
 9.9723e+01	
 9.9723e+01	
 9.9723e+01	
 9.9723e+01	
 9.9723e+01	
 9.9723e+01	
 9.9723e+01	
 9.9723e+01	
 9.9723e+01	
 9.9723e+01	
 9.9723e+01	
 9.9723e+01	
 9.9723e+01	
 9.9723e+01	
 9.9723e+01	
 9.9723e+01	
 9.9723e+01	
 9.9723e+01	
 9.9723e+01	
 9.9723e+01	
 9.9723e+01	
 9.9723e+01	
 9.9723e+01	
 9.9723e+01	
 9.9723e+01	
 9.9723e+01	
 9.9723e+01	
 9.9723e+01	
 9.9723e+01	
 9.9723e+01	
 9.9815e+01	
 9.9815e+01	
 9.9815e+01	
 9.9815e+01	
 9.9815e+01	
 9.9815e+01	
 9.9815e+01	
 9.9815e+01	
 9.9815e+01	
 9.9815e+01	
 9.9815e+01	
 9.9815e+01	
 9.9815e+01	
 9.9908e+01	
 9.9908e+01	
 9.9908e+01	
 9.9908e+01	
 9.9908e+01	
 9.9908e+01	
 9.9908e+01	
 9.9908e+01	
 9.9908e+01	
