% mean class accuracy (train set)	
 9.8592e+00	
 1.1972e+01	
 1.3908e+01	
 1.7782e+01	
 2.1127e+01	
 2.2359e+01	
 2.8345e+01	
 2.6937e+01	
 3.1866e+01	
 3.1338e+01	
 3.6444e+01	
 3.4507e+01	
 3.6444e+01	
 3.8380e+01	
 4.2782e+01	
 4.4190e+01	
 4.4190e+01	
 4.5599e+01	
 4.6479e+01	
 4.7359e+01	
 4.1021e+01	
 4.8592e+01	
 4.8592e+01	
 5.0352e+01	
 5.1232e+01	
 4.9296e+01	
 4.9648e+01	
 5.2465e+01	
 5.3345e+01	
 4.8063e+01	
 5.2465e+01	
 5.0528e+01	
 5.2817e+01	
 5.1761e+01	
 5.5106e+01	
 5.7042e+01	
 5.5634e+01	
 5.7042e+01	
 5.7042e+01	
 5.8451e+01	
 6.0739e+01	
 5.9155e+01	
 5.9683e+01	
 6.4261e+01	
 6.3204e+01	
 6.3204e+01	
 6.5845e+01	
 6.6197e+01	
 6.7254e+01	
 6.7606e+01	
 6.9718e+01	
 7.1303e+01	
 7.1479e+01	
 7.2359e+01	
 7.1655e+01	
 7.5000e+01	
 7.5704e+01	
 7.6232e+01	
 7.6408e+01	
 7.8169e+01	
 7.9754e+01	
 8.0106e+01	
 8.0810e+01	
 8.2042e+01	
 8.2042e+01	
 8.3627e+01	
 8.3803e+01	
 8.4859e+01	
 8.5211e+01	
 8.6796e+01	
 8.6972e+01	
 8.7324e+01	
 8.8556e+01	
 8.8732e+01	
 8.9437e+01	
 8.9965e+01	
 9.0141e+01	
 9.1373e+01	
 9.1549e+01	
 9.1725e+01	
 9.2606e+01	
 9.2077e+01	
 9.2606e+01	
 9.2430e+01	
 9.3838e+01	
 9.3838e+01	
 9.4366e+01	
 9.4366e+01	
 9.4014e+01	
 9.5246e+01	
 9.5070e+01	
 9.5599e+01	
 9.6127e+01	
 9.6127e+01	
 9.6479e+01	
 9.6479e+01	
 9.6831e+01	
 9.7535e+01	
 9.7183e+01	
 9.7359e+01	
 9.7887e+01	
 9.8415e+01	
 9.7887e+01	
 9.7887e+01	
 9.8415e+01	
 9.8415e+01	
 9.8592e+01	
 9.8592e+01	
 9.8768e+01	
 9.8415e+01	
 9.9120e+01	
 9.9120e+01	
 9.9120e+01	
 9.9472e+01	
 9.9472e+01	
 9.9648e+01	
 9.9296e+01	
 9.9472e+01	
 9.9472e+01	
 9.9648e+01	
 9.9296e+01	
 9.9472e+01	
 9.9296e+01	
 9.9472e+01	
 9.9648e+01	
 9.9648e+01	
 9.9648e+01	
 9.9648e+01	
 9.9648e+01	
 9.9472e+01	
 9.9648e+01	
 9.9472e+01	
 9.9472e+01	
 9.9824e+01	
 9.9648e+01	
 9.9824e+01	
 1.0000e+02	
 1.0000e+02	
 1.0000e+02	
 1.0000e+02	
 9.9824e+01	
 1.0000e+02	
 9.9824e+01	
 1.0000e+02	
 1.0000e+02	
 1.0000e+02	
 1.0000e+02	
 1.0000e+02	
 1.0000e+02	
 1.0000e+02	
 1.0000e+02	
 1.0000e+02	
 1.0000e+02	
 1.0000e+02	
 1.0000e+02	
 1.0000e+02	
 1.0000e+02	
 1.0000e+02	
 1.0000e+02	
 1.0000e+02	
 1.0000e+02	
 1.0000e+02	
 1.0000e+02	
 1.0000e+02	
 1.0000e+02	
 1.0000e+02	
 1.0000e+02	
 1.0000e+02	
 1.0000e+02	
 1.0000e+02	
 1.0000e+02	
 1.0000e+02	
 1.0000e+02	
 1.0000e+02	
 1.0000e+02	
 1.0000e+02	
 1.0000e+02	
 1.0000e+02	
 1.0000e+02	
 1.0000e+02	
 1.0000e+02	
 1.0000e+02	
 1.0000e+02	
 1.0000e+02	
 1.0000e+02	
 1.0000e+02	
 1.0000e+02	
 1.0000e+02	
 1.0000e+02	
 1.0000e+02	
 1.0000e+02	
 1.0000e+02	
 1.0000e+02	
 1.0000e+02	
 1.0000e+02	
 1.0000e+02	
 1.0000e+02	
 1.0000e+02	
 1.0000e+02	
 1.0000e+02	
 1.0000e+02	
 1.0000e+02	
 1.0000e+02	
 1.0000e+02	
 1.0000e+02	
 1.0000e+02	
 1.0000e+02	
 1.0000e+02	
 1.0000e+02	
